#
# There is insufficient memory for the Java Runtime Environment to continue.
# Native memory allocation (mmap) failed to map 260046848 bytes for G1 virtual space
# Possible reasons:
#   The system is out of physical RAM or swap space
#   The process is running with CompressedOops enabled, and the Java Heap may be blocking the growth of the native heap
# Possible solutions:
#   Reduce memory load on the system
#   Increase physical memory or swap space
#   Check if swap backing store is full
#   Decrease Java heap size (-Xmx/-Xms)
#   Decrease number of Java threads
#   Decrease Java thread stack sizes (-Xss)
#   Set larger code cache with -XX:ReservedCodeCacheSize=
#   JVM is running with Zero Based Compressed Oops mode in which the Java heap is
#     placed in the first 32GB address space. The Java Heap base address is the
#     maximum limit for the native heap growth. Please use -XX:HeapBaseMinAddress
#     to set the Java Heap base and to place the Java Heap above 32GB virtual address.
# This output file may be truncated or incomplete.
#
#  Out of Memory Error (os_windows.cpp:3769), pid=26368, tid=16748
#
# JRE version:  (17.0.6) (build )
# Java VM: OpenJDK 64-Bit Server VM (17.0.6+0-b2043.56-10027231, mixed mode, sharing, tiered, compressed oops, compressed class ptrs, g1 gc, windows-amd64)
# No core dump will be written. Minidumps are not enabled by default on client versions of Windows
#

---------------  S U M M A R Y ------------

Command Line: 

Host: AMD Ryzen 7 4800HS with Radeon Graphics         , 16 cores, 15G,  Windows 11 , 64 bit Build 22621 (10.0.22621.2506)
Time: Mon Feb 12 21:52:08 2024 Arabian Standard Time elapsed time: 0.008959 seconds (0d 0h 0m 0s)

---------------  T H R E A D  ---------------

Current thread (0x000001927132f060):  JavaThread "Unknown thread" [_thread_in_vm, id=16748, stack(0x00000028f3500000,0x00000028f3600000)]

Stack: [0x00000028f3500000,0x00000028f3600000]
Native frames: (J=compiled Java code, j=interpreted, Vv=VM code, C=native code)
V  [jvm.dll+0x683c9a]
V  [jvm.dll+0x8427a4]
V  [jvm.dll+0x843f9e]
V  [jvm.dll+0x844603]
V  [jvm.dll+0x249b75]
V  [jvm.dll+0x680b69]
V  [jvm.dll+0x67505a]
V  [jvm.dll+0x309acb]
V  [jvm.dll+0x310f86]
V  [jvm.dll+0x3608ee]
V  [jvm.dll+0x360b1f]
V  [jvm.dll+0x2dfbf8]
V  [jvm.dll+0x2e0b64]
V  [jvm.dll+0x814091]
V  [jvm.dll+0x36e6a1]
V  [jvm.dll+0x7f35cc]
V  [jvm.dll+0x3f0e8f]
V  [jvm.dll+0x3f29d1]
C  [jli.dll+0x526b]
C  [ucrtbase.dll+0x29363]
C  [KERNEL32.DLL+0x1257d]
C  [ntdll.dll+0x5aa58]


---------------  P R O C E S S  ---------------

Threads class SMR info:
_java_thread_list=0x00007ff9dcc1c058, length=0, elements={
}

Java Threads: ( => current thread )

Other Threads:
  0x0000019271399100 GCTaskThread "GC Thread#0" [stack: 0x00000028f3600000,0x00000028f3700000] [id=13752]
  0x00000192713aa620 ConcurrentGCThread "G1 Main Marker" [stack: 0x00000028f3700000,0x00000028f3800000] [id=26768]
  0x00000192713ace50 ConcurrentGCThread "G1 Conc#0" [stack: 0x00000028f3800000,0x00000028f3900000] [id=14264]

[error occurred during error reporting (printing all threads), id 0xc0000005, EXCEPTION_ACCESS_VIOLATION (0xc0000005) at pc=0x00007ff9dc3d0797]

VM state: not at safepoint (not fully initialized)

VM Mutex/Monitor currently owned by a thread:  ([mutex/lock_event])
[0x000001927132a880] Heap_lock - owner thread: 0x000001927132f060

Heap address: 0x0000000709400000, size: 3948 MB, Compressed Oops mode: Zero based, Oop shift amount: 3

CDS archive(s) mapped at: [0x0000000000000000-0x0000000000000000-0x0000000000000000), size 0, SharedBaseAddress: 0x0000000800000000, ArchiveRelocationMode: 0.
Narrow klass base: 0x0000000000000000, Narrow klass shift: 0, Narrow klass range: 0x0

GC Precious Log:
<Empty>

Heap:
 garbage-first heap   total 0K, used 0K [0x0000000709400000, 0x0000000800000000)
  region size 2048K, 0 young (0K), 0 survivors (0K)

[error occurred during error reporting (printing heap information), id 0xc0000005, EXCEPTION_ACCESS_VIOLATION (0xc0000005) at pc=0x00007ff9dc7bda89]

GC Heap History (0 events):
No events

Dll operation events (1 events):
Event: 0.006 Loaded shared library C:\Program Files\Android\Android Studio\jbr\bin\java.dll

Deoptimization events (0 events):
No events

Classes unloaded (0 events):
No events

Classes redefined (0 events):
No events

Internal exceptions (0 events):
No events

VM Operations (0 events):
No events

Events (0 events):
No events


Dynamic libraries:
0x00007ff77e3f0000 - 0x00007ff77e3fa000 	C:\Program Files\Android\Android Studio\jbr\bin\java.EXE
0x00007ffa268b0000 - 0x00007ffa26ac7000 	C:\Windows\SYSTEM32\ntdll.dll
0x00007ffa259a0000 - 0x00007ffa25a64000 	C:\Windows\System32\KERNEL32.DLL
0x00007ffa24250000 - 0x00007ffa245f6000 	C:\Windows\System32\KERNELBASE.dll
0x00007ffa23fc0000 - 0x00007ffa240d1000 	C:\Windows\System32\ucrtbase.dll
0x00007ffa20b20000 - 0x00007ffa20b37000 	C:\Program Files\Android\Android Studio\jbr\bin\jli.dll
0x00007ffa15820000 - 0x00007ffa1583b000 	C:\Program Files\Android\Android Studio\jbr\bin\VCRUNTIME140.dll
0x00007ffa266c0000 - 0x00007ffa2686e000 	C:\Windows\System32\USER32.dll
0x00007ffa23db0000 - 0x00007ffa23dd6000 	C:\Windows\System32\win32u.dll
0x00007ffa12970000 - 0x00007ffa12c03000 	C:\Windows\WinSxS\amd64_microsoft.windows.common-controls_6595b64144ccf1df_6.0.22621.2506_none_270c5ae97388e100\COMCTL32.dll
0x00007ffa25530000 - 0x00007ffa25559000 	C:\Windows\System32\GDI32.dll
0x00007ffa23c60000 - 0x00007ffa23d78000 	C:\Windows\System32\gdi32full.dll
0x00007ffa25690000 - 0x00007ffa25737000 	C:\Windows\System32\msvcrt.dll
0x00007ffa23de0000 - 0x00007ffa23e7a000 	C:\Windows\System32\msvcp_win.dll
0x00007ffa25ad0000 - 0x00007ffa25b01000 	C:\Windows\System32\IMM32.DLL
0x00007ffa15650000 - 0x00007ffa1565c000 	C:\Program Files\Android\Android Studio\jbr\bin\vcruntime140_1.dll
0x00007ff9ee080000 - 0x00007ff9ee10d000 	C:\Program Files\Android\Android Studio\jbr\bin\msvcp140.dll
0x00007ff9dc0e0000 - 0x00007ff9dcd4e000 	C:\Program Files\Android\Android Studio\jbr\bin\server\jvm.dll
0x00007ffa24940000 - 0x00007ffa249f3000 	C:\Windows\System32\ADVAPI32.dll
0x00007ffa26110000 - 0x00007ffa261b8000 	C:\Windows\System32\sechost.dll
0x00007ffa23d80000 - 0x00007ffa23da8000 	C:\Windows\System32\bcrypt.dll
0x00007ffa25f90000 - 0x00007ffa260a7000 	C:\Windows\System32\RPCRT4.dll
0x00007ffa15630000 - 0x00007ffa15639000 	C:\Windows\SYSTEM32\WSOCK32.dll
0x00007ffa1ebd0000 - 0x00007ffa1ec04000 	C:\Windows\SYSTEM32\WINMM.dll
0x00007ffa21840000 - 0x00007ffa2184a000 	C:\Windows\SYSTEM32\VERSION.dll
0x00007ffa24a10000 - 0x00007ffa24a81000 	C:\Windows\System32\WS2_32.dll
0x00007ffa22bc0000 - 0x00007ffa22bd8000 	C:\Windows\SYSTEM32\kernel.appcore.dll
0x00007ffa15500000 - 0x00007ffa1550a000 	C:\Program Files\Android\Android Studio\jbr\bin\jimage.dll
0x00007ffa1e990000 - 0x00007ffa1ebc3000 	C:\Windows\SYSTEM32\DBGHELP.DLL
0x00007ffa261c0000 - 0x00007ffa26549000 	C:\Windows\System32\combase.dll
0x00007ffa25890000 - 0x00007ffa25967000 	C:\Windows\System32\OLEAUT32.dll
0x00007ffa1e920000 - 0x00007ffa1e952000 	C:\Windows\SYSTEM32\dbgcore.DLL
0x00007ffa23e80000 - 0x00007ffa23efa000 	C:\Windows\System32\bcryptPrimitives.dll
0x00007ffa0fbb0000 - 0x00007ffa0fbd5000 	C:\Program Files\Android\Android Studio\jbr\bin\java.dll

dbghelp: loaded successfully - version: 4.0.5 - missing functions: none
symbol engine: initialized successfully - sym options: 0x614 - pdb path: .;C:\Program Files\Android\Android Studio\jbr\bin;C:\Windows\SYSTEM32;C:\Windows\WinSxS\amd64_microsoft.windows.common-controls_6595b64144ccf1df_6.0.22621.2506_none_270c5ae97388e100;C:\Program Files\Android\Android Studio\jbr\bin\server

VM Arguments:
java_command: <unknown>
java_class_path (initial): <not set>
Launcher Type: SUN_STANDARD

[Global flags]
     intx CICompilerCount                          = 12                                        {product} {ergonomic}
     uint ConcGCThreads                            = 3                                         {product} {ergonomic}
     uint G1ConcRefinementThreads                  = 13                                        {product} {ergonomic}
   size_t G1HeapRegionSize                         = 2097152                                   {product} {ergonomic}
    uintx GCDrainStackTargetSize                   = 64                                        {product} {ergonomic}
   size_t InitialHeapSize                          = 260046848                                 {product} {ergonomic}
   size_t MarkStackSize                            = 4194304                                   {product} {ergonomic}
   size_t MaxHeapSize                              = 4139778048                                {product} {ergonomic}
   size_t MinHeapDeltaBytes                        = 2097152                                   {product} {ergonomic}
   size_t MinHeapSize                              = 8388608                                   {product} {ergonomic}
    uintx NonNMethodCodeHeapSize                   = 7602480                                {pd product} {ergonomic}
    uintx NonProfiledCodeHeapSize                  = 122027880                              {pd product} {ergonomic}
    uintx ProfiledCodeHeapSize                     = 122027880                              {pd product} {ergonomic}
    uintx ReservedCodeCacheSize                    = 251658240                              {pd product} {ergonomic}
     bool SegmentedCodeCache                       = true                                      {product} {ergonomic}
   size_t SoftMaxHeapSize                          = 4139778048                             {manageable} {ergonomic}
     bool UseCompressedClassPointers               = true                           {product lp64_product} {ergonomic}
     bool UseCompressedOops                        = true                           {product lp64_product} {ergonomic}
     bool UseG1GC                                  = true                                      {product} {ergonomic}
     bool UseLargePagesIndividualAllocation        = false                                  {pd product} {ergonomic}

Logging:
Log output configuration:
 #0: stdout all=warning uptime,level,tags
 #1: stderr all=off uptime,level,tags

Environment Variables:
PATH=C:\Program Files\Common Files\Oracle\Java\javapath;C:\Windows\system32;C:\Windows;C:\Windows\System32\Wbem;C:\Windows\System32\WindowsPowerShell\v1.0\;C:\Windows\System32\OpenSSH\;C:\Program Files\Git\cmd;C:\Program Files\Dart\dart-sdk\bin;C:\src\flutter\bin;C:\Program Files\nodejs\;C:\Users\kemom\AppData\Local\Pub\Cache\bin;C:\Program Files\PowerShell\7\;C:\Program Files\dotnet\;C:\Users\kemom\AppData\Local\Microsoft\WindowsApps;C:\src\flutter\bin;H:\Microsoft VS Code\bin;C:\Program Files\Dart\dart-sdk\bin;C:\Users\kemom\AppData\Roaming\npm;C:\Users\kemom\AppData\Local\Pub\Cache\bin;;C:\src\flutter\bin\mingit\cmd;C:\src\flutter\bin\mingit\cmd
USERNAME=kemom
OS=Windows_NT
PROCESSOR_IDENTIFIER=AMD64 Family 23 Model 96 Stepping 1, AuthenticAMD
TMP=C:\Users\kemom\AppData\Local\Temp
TEMP=C:\Users\kemom\AppData\Local\Temp


JNI global refs:

[error occurred during error reporting (JNI global references), id 0xc0000005, EXCEPTION_ACCESS_VIOLATION (0xc0000005) at pc=0x00007ff9dc197a10]


---------------  S Y S T E M  ---------------

OS:
 Windows 11 , 64 bit Build 22621 (10.0.22621.2506)
OS uptime: 2 days 3:01 hours

CPU: total 16 (initial active 16) (16 cores per cpu, 2 threads per core) family 23 model 96 stepping 1 microcode 0x0, cx8, cmov, fxsr, ht, mmx, 3dnowpref, sse, sse2, sse3, ssse3, sse4a, sse4.1, sse4.2, popcnt, lzcnt, tsc, tscinvbit, avx, avx2, aes, clmul, bmi1, bmi2, adx, sha, fma, vzeroupper, clflush, clflushopt

Memory: 4k page, system-wide physical 15789M (5076M free)
TotalPageFile size 28077M (AvailPageFile size 231M)
current process WorkingSet (physical memory assigned to process): 11M, peak: 11M
current process commit charge ("private bytes"): 70M, peak: 318M

vm_info: OpenJDK 64-Bit Server VM (17.0.6+0-b2043.56-10027231) for windows-amd64 JRE (17.0.6+0-b2043.56-10027231), built on Apr 28 2023 00:43:19 by "androidbuild" with MS VC++ 16.10 / 16.11 (VS2019)

END.
