#
# There is insufficient memory for the Java Runtime Environment to continue.
# Native memory allocation (mmap) failed to map 260046848 bytes for G1 virtual space
# Possible reasons:
#   The system is out of physical RAM or swap space
#   The process is running with CompressedOops enabled, and the Java Heap may be blocking the growth of the native heap
# Possible solutions:
#   Reduce memory load on the system
#   Increase physical memory or swap space
#   Check if swap backing store is full
#   Decrease Java heap size (-Xmx/-Xms)
#   Decrease number of Java threads
#   Decrease Java thread stack sizes (-Xss)
#   Set larger code cache with -XX:ReservedCodeCacheSize=
#   JVM is running with Zero Based Compressed Oops mode in which the Java heap is
#     placed in the first 32GB address space. The Java Heap base address is the
#     maximum limit for the native heap growth. Please use -XX:HeapBaseMinAddress
#     to set the Java Heap base and to place the Java Heap above 32GB virtual address.
# This output file may be truncated or incomplete.
#
#  Out of Memory Error (os_windows.cpp:3769), pid=22784, tid=24344
#
# JRE version:  (17.0.6) (build )
# Java VM: OpenJDK 64-Bit Server VM (17.0.6+0-b2043.56-10027231, mixed mode, sharing, tiered, compressed oops, compressed class ptrs, g1 gc, windows-amd64)
# No core dump will be written. Minidumps are not enabled by default on client versions of Windows
#

---------------  S U M M A R Y ------------

Command Line: 

Host: AMD Ryzen 7 4800HS with Radeon Graphics         , 16 cores, 15G,  Windows 11 , 64 bit Build 22621 (10.0.22621.2506)
Time: Sat Feb 10 18:45:10 2024 Arabian Standard Time elapsed time: 0.008667 seconds (0d 0h 0m 0s)

---------------  T H R E A D  ---------------

Current thread (0x00000266a807cd90):  JavaThread "Unknown thread" [_thread_in_vm, id=24344, stack(0x000000cd8ef00000,0x000000cd8f000000)]

Stack: [0x000000cd8ef00000,0x000000cd8f000000]
Native frames: (J=compiled Java code, j=interpreted, Vv=VM code, C=native code)
V  [jvm.dll+0x683c9a]
V  [jvm.dll+0x8427a4]
V  [jvm.dll+0x843f9e]
V  [jvm.dll+0x844603]
V  [jvm.dll+0x249b75]
V  [jvm.dll+0x680b69]
V  [jvm.dll+0x67505a]
V  [jvm.dll+0x309acb]
V  [jvm.dll+0x310f86]
V  [jvm.dll+0x3608ee]
V  [jvm.dll+0x360b1f]
V  [jvm.dll+0x2dfbf8]
V  [jvm.dll+0x2e0b64]
V  [jvm.dll+0x814091]
V  [jvm.dll+0x36e6a1]
V  [jvm.dll+0x7f35cc]
V  [jvm.dll+0x3f0e8f]
V  [jvm.dll+0x3f29d1]
C  [jli.dll+0x526b]
C  [ucrtbase.dll+0x29363]
C  [KERNEL32.DLL+0x1257d]
C  [ntdll.dll+0x5aa58]


---------------  P R O C E S S  ---------------

Threads class SMR info:
_java_thread_list=0x00007ffa26c8c058, length=0, elements={
}

Java Threads: ( => current thread )

Other Threads:
  0x00000266a80e6e30 GCTaskThread "GC Thread#0" [stack: 0x000000cd8f000000,0x000000cd8f100000] [id=25524]
  0x00000266a80f8440 ConcurrentGCThread "G1 Main Marker" [stack: 0x000000cd8f100000,0x000000cd8f200000] [id=12416]
  0x00000266a80fad60 ConcurrentGCThread "G1 Conc#0" [stack: 0x000000cd8f200000,0x000000cd8f300000] [id=21300]

[error occurred during error reporting (printing all threads), id 0xc0000005, EXCEPTION_ACCESS_VIOLATION (0xc0000005) at pc=0x00007ffa26440797]

VM state: not at safepoint (not fully initialized)

VM Mutex/Monitor currently owned by a thread:  ([mutex/lock_event])
[0x00000266a807a2f0] Heap_lock - owner thread: 0x00000266a807cd90

Heap address: 0x0000000709400000, size: 3948 MB, Compressed Oops mode: Zero based, Oop shift amount: 3

CDS archive(s) mapped at: [0x0000000000000000-0x0000000000000000-0x0000000000000000), size 0, SharedBaseAddress: 0x0000000800000000, ArchiveRelocationMode: 0.
Narrow klass base: 0x0000000000000000, Narrow klass shift: 0, Narrow klass range: 0x0

GC Precious Log:
<Empty>

Heap:
 garbage-first heap   total 0K, used 0K [0x0000000709400000, 0x0000000800000000)
  region size 2048K, 0 young (0K), 0 survivors (0K)

[error occurred during error reporting (printing heap information), id 0xc0000005, EXCEPTION_ACCESS_VIOLATION (0xc0000005) at pc=0x00007ffa2682da89]

GC Heap History (0 events):
No events

Dll operation events (1 events):
Event: 0.005 Loaded shared library C:\Program Files\Android\Android Studio\jbr\bin\java.dll

Deoptimization events (0 events):
No events

Classes unloaded (0 events):
No events

Classes redefined (0 events):
No events

Internal exceptions (0 events):
No events

VM Operations (0 events):
No events

Events (0 events):
No events


Dynamic libraries:
0x00007ff6387e0000 - 0x00007ff6387ea000 	C:\Program Files\Android\Android Studio\jbr\bin\java.EXE
0x00007ffaeb270000 - 0x00007ffaeb487000 	C:\Windows\SYSTEM32\ntdll.dll
0x00007ffae90d0000 - 0x00007ffae9194000 	C:\Windows\System32\KERNEL32.DLL
0x00007ffae8a30000 - 0x00007ffae8dd6000 	C:\Windows\System32\KERNELBASE.dll
0x00007ffae8de0000 - 0x00007ffae8ef1000 	C:\Windows\System32\ucrtbase.dll
0x00007ffae60e0000 - 0x00007ffae60f7000 	C:\Program Files\Android\Android Studio\jbr\bin\jli.dll
0x00007ffae5c30000 - 0x00007ffae5c4b000 	C:\Program Files\Android\Android Studio\jbr\bin\VCRUNTIME140.dll
0x00007ffae9720000 - 0x00007ffae98ce000 	C:\Windows\System32\USER32.dll
0x00007ffae87f0000 - 0x00007ffae8816000 	C:\Windows\System32\win32u.dll
0x00007ffad71f0000 - 0x00007ffad7483000 	C:\Windows\WinSxS\amd64_microsoft.windows.common-controls_6595b64144ccf1df_6.0.22621.2506_none_270c5ae97388e100\COMCTL32.dll
0x00007ffaea1f0000 - 0x00007ffaea219000 	C:\Windows\System32\GDI32.dll
0x00007ffaea0e0000 - 0x00007ffaea187000 	C:\Windows\System32\msvcrt.dll
0x00007ffae8630000 - 0x00007ffae8748000 	C:\Windows\System32\gdi32full.dll
0x00007ffae8820000 - 0x00007ffae88ba000 	C:\Windows\System32\msvcp_win.dll
0x00007ffae9e80000 - 0x00007ffae9eb1000 	C:\Windows\System32\IMM32.DLL
0x00007ffae6200000 - 0x00007ffae620c000 	C:\Program Files\Android\Android Studio\jbr\bin\vcruntime140_1.dll
0x00007ffad8ab0000 - 0x00007ffad8b3d000 	C:\Program Files\Android\Android Studio\jbr\bin\msvcp140.dll
0x00007ffa26150000 - 0x00007ffa26dbe000 	C:\Program Files\Android\Android Studio\jbr\bin\server\jvm.dll
0x00007ffaeab00000 - 0x00007ffaeabb3000 	C:\Windows\System32\ADVAPI32.dll
0x00007ffae98e0000 - 0x00007ffae9988000 	C:\Windows\System32\sechost.dll
0x00007ffae87c0000 - 0x00007ffae87e8000 	C:\Windows\System32\bcrypt.dll
0x00007ffae9340000 - 0x00007ffae9457000 	C:\Windows\System32\RPCRT4.dll
0x00007ffae6130000 - 0x00007ffae6139000 	C:\Windows\SYSTEM32\WSOCK32.dll
0x00007ffae53f0000 - 0x00007ffae5424000 	C:\Windows\SYSTEM32\WINMM.dll
0x00007ffae6100000 - 0x00007ffae610a000 	C:\Windows\SYSTEM32\VERSION.dll
0x00007ffaeaa80000 - 0x00007ffaeaaf1000 	C:\Windows\System32\WS2_32.dll
0x00007ffae75e0000 - 0x00007ffae75f8000 	C:\Windows\SYSTEM32\kernel.appcore.dll
0x00007ffae5c20000 - 0x00007ffae5c2a000 	C:\Program Files\Android\Android Studio\jbr\bin\jimage.dll
0x00007ffae51b0000 - 0x00007ffae53e3000 	C:\Windows\SYSTEM32\DBGHELP.DLL
0x00007ffaead50000 - 0x00007ffaeb0d9000 	C:\Windows\System32\combase.dll
0x00007ffaeac70000 - 0x00007ffaead47000 	C:\Windows\System32\OLEAUT32.dll
0x00007ffae5150000 - 0x00007ffae5182000 	C:\Windows\SYSTEM32\dbgcore.DLL
0x00007ffae85b0000 - 0x00007ffae862a000 	C:\Windows\System32\bcryptPrimitives.dll
0x00007ffadc700000 - 0x00007ffadc725000 	C:\Program Files\Android\Android Studio\jbr\bin\java.dll

dbghelp: loaded successfully - version: 4.0.5 - missing functions: none
symbol engine: initialized successfully - sym options: 0x614 - pdb path: .;C:\Program Files\Android\Android Studio\jbr\bin;C:\Windows\SYSTEM32;C:\Windows\WinSxS\amd64_microsoft.windows.common-controls_6595b64144ccf1df_6.0.22621.2506_none_270c5ae97388e100;C:\Program Files\Android\Android Studio\jbr\bin\server

VM Arguments:
java_command: <unknown>
java_class_path (initial): <not set>
Launcher Type: SUN_STANDARD

[Global flags]
     intx CICompilerCount                          = 12                                        {product} {ergonomic}
     uint ConcGCThreads                            = 3                                         {product} {ergonomic}
     uint G1ConcRefinementThreads                  = 13                                        {product} {ergonomic}
   size_t G1HeapRegionSize                         = 2097152                                   {product} {ergonomic}
    uintx GCDrainStackTargetSize                   = 64                                        {product} {ergonomic}
   size_t InitialHeapSize                          = 260046848                                 {product} {ergonomic}
   size_t MarkStackSize                            = 4194304                                   {product} {ergonomic}
   size_t MaxHeapSize                              = 4139778048                                {product} {ergonomic}
   size_t MinHeapDeltaBytes                        = 2097152                                   {product} {ergonomic}
   size_t MinHeapSize                              = 8388608                                   {product} {ergonomic}
    uintx NonNMethodCodeHeapSize                   = 7602480                                {pd product} {ergonomic}
    uintx NonProfiledCodeHeapSize                  = 122027880                              {pd product} {ergonomic}
    uintx ProfiledCodeHeapSize                     = 122027880                              {pd product} {ergonomic}
    uintx ReservedCodeCacheSize                    = 251658240                              {pd product} {ergonomic}
     bool SegmentedCodeCache                       = true                                      {product} {ergonomic}
   size_t SoftMaxHeapSize                          = 4139778048                             {manageable} {ergonomic}
     bool UseCompressedClassPointers               = true                           {product lp64_product} {ergonomic}
     bool UseCompressedOops                        = true                           {product lp64_product} {ergonomic}
     bool UseG1GC                                  = true                                      {product} {ergonomic}
     bool UseLargePagesIndividualAllocation        = false                                  {pd product} {ergonomic}

Logging:
Log output configuration:
 #0: stdout all=warning uptime,level,tags
 #1: stderr all=off uptime,level,tags

Environment Variables:
JAVA_HOME=C:\Program Files\Android\Android Studio\jbr
PATH=C:\Program Files\Android\Android Studio\jbr\bin;C:\Program Files\Common Files\Oracle\Java\javapath;C:\Windows\system32;C:\Windows;C:\Windows\System32\Wbem;C:\Windows\System32\WindowsPowerShell\v1.0\;C:\Windows\System32\OpenSSH\;C:\Program Files\Git\cmd;C:\Program Files\Dart\dart-sdk\bin;C:\src\flutter\bin;C:\Program Files\nodejs\;C:\Users\kemom\AppData\Local\Pub\Cache\bin;C:\Program Files\PowerShell\7\;C:\Program Files\dotnet\;C:\Users\kemom\AppData\Local\Microsoft\WindowsApps;C:\src\flutter\bin;H:\Microsoft VS Code\bin;C:\Program Files\Dart\dart-sdk\bin;C:\Users\kemom\AppData\Roaming\npm;C:\Users\kemom\AppData\Local\Pub\Cache\bin;;C:\src\flutter\bin\mingit\cmd;C:\src\flutter\bin\mingit\cmd
USERNAME=kemom
OS=Windows_NT
PROCESSOR_IDENTIFIER=AMD64 Family 23 Model 96 Stepping 1, AuthenticAMD
TMP=C:\Users\kemom\AppData\Local\Temp
TEMP=C:\Users\kemom\AppData\Local\Temp


JNI global refs:

[error occurred during error reporting (JNI global references), id 0xc0000005, EXCEPTION_ACCESS_VIOLATION (0xc0000005) at pc=0x00007ffa26207a10]


---------------  S Y S T E M  ---------------

OS:
 Windows 11 , 64 bit Build 22621 (10.0.22621.2506)
OS uptime: 1 days 15:21 hours

CPU: total 16 (initial active 16) (16 cores per cpu, 2 threads per core) family 23 model 96 stepping 1 microcode 0x0, cx8, cmov, fxsr, ht, mmx, 3dnowpref, sse, sse2, sse3, ssse3, sse4a, sse4.1, sse4.2, popcnt, lzcnt, tsc, tscinvbit, avx, avx2, aes, clmul, bmi1, bmi2, adx, sha, fma, vzeroupper, clflush, clflushopt

Memory: 4k page, system-wide physical 15789M (1891M free)
TotalPageFile size 28077M (AvailPageFile size 73M)
current process WorkingSet (physical memory assigned to process): 11M, peak: 11M
current process commit charge ("private bytes"): 70M, peak: 318M

vm_info: OpenJDK 64-Bit Server VM (17.0.6+0-b2043.56-10027231) for windows-amd64 JRE (17.0.6+0-b2043.56-10027231), built on Apr 28 2023 00:43:19 by "androidbuild" with MS VC++ 16.10 / 16.11 (VS2019)

END.
