#
# There is insufficient memory for the Java Runtime Environment to continue.
# Native memory allocation (mmap) failed to map 260046848 bytes for Failed to commit area from 0x0000000709400000 to 0x0000000718c00000 of length 260046848.
# Possible reasons:
#   The system is out of physical RAM or swap space
#   The process is running with CompressedOops enabled, and the Java Heap may be blocking the growth of the native heap
# Possible solutions:
#   Reduce memory load on the system
#   Increase physical memory or swap space
#   Check if swap backing store is full
#   Decrease Java heap size (-Xmx/-Xms)
#   Decrease number of Java threads
#   Decrease Java thread stack sizes (-Xss)
#   Set larger code cache with -XX:ReservedCodeCacheSize=
# This output file may be truncated or incomplete.
#
#  Out of Memory Error (./open/src/hotspot/os/windows/os_windows.cpp:3293), pid=21732, tid=3888
#
# JRE version:  (11.0.20+9) (build )
# Java VM: Java HotSpot(TM) 64-Bit Server VM (11.0.20+9-LTS-256, mixed mode, sharing, tiered, compressed oops, g1 gc, windows-amd64)
# No core dump will be written. Minidumps are not enabled by default on client versions of Windows
#

---------------  S U M M A R Y ------------

Command Line: 

Host: AMD Ryzen 7 4800HS with Radeon Graphics         , 16 cores, 15G,  Windows 11 , 64 bit Build 22621 (10.0.22621.2506)
Time: Mon Feb 12 21:52:09 2024 Arabian Standard Time elapsed time: 0.011074 seconds (0d 0h 0m 0s)

---------------  T H R E A D  ---------------

Current thread (0x000001d7bfa56800):  JavaThread "Unknown thread" [_thread_in_vm, id=3888, stack(0x00000098cc700000,0x00000098cc800000)]

Stack: [0x00000098cc700000,0x00000098cc800000]
Native frames: (J=compiled Java code, j=interpreted, Vv=VM code, C=native code)
V  [jvm.dll+0x6602ba]
V  [jvm.dll+0x7a32af]
V  [jvm.dll+0x7a4979]
V  [jvm.dll+0x7a5013]
V  [jvm.dll+0x258ef5]
V  [jvm.dll+0x65d619]
V  [jvm.dll+0x652375]
V  [jvm.dll+0x31359d]
V  [jvm.dll+0x313402]
V  [jvm.dll+0x318036]
V  [jvm.dll+0x360130]
V  [jvm.dll+0x35fba2]
V  [jvm.dll+0x2eec28]
V  [jvm.dll+0x2efd35]
V  [jvm.dll+0x77c327]
V  [jvm.dll+0x77dc0f]
V  [jvm.dll+0x36d3d9]
V  [jvm.dll+0x760d0f]
V  [jvm.dll+0x3df467]
V  [jvm.dll+0x3e1511]
C  [jli.dll+0x52e7]
C  [ucrtbase.dll+0x29363]
C  [KERNEL32.DLL+0x1257d]
C  [ntdll.dll+0x5aa58]


---------------  P R O C E S S  ---------------

Threads class SMR info:
_java_thread_list=0x000001d7bd84aaa0, length=0, elements={
}

Java Threads: ( => current thread )

Other Threads:
  0x000001d7bfa6d800 GCTaskThread "GC Thread#0" [stack: 0x00000098cc800000,0x00000098cc900000] [id=10168]
  0x000001d7bfac8800 ConcurrentGCThread "G1 Main Marker" [stack: 0x00000098cc900000,0x00000098cca00000] [id=28248]
  0x000001d7bfac9800 ConcurrentGCThread "G1 Conc#0" [stack: 0x00000098cca00000,0x00000098ccb00000] [id=13492]

[error occurred during error reporting (printing all threads), id 0xc0000005, EXCEPTION_ACCESS_VIOLATION (0xc0000005) at pc=0x00007ff9de76f6e7]

VM state:not at safepoint (not fully initialized)

VM Mutex/Monitor currently owned by a thread:  ([mutex/lock_event])
[0x000001d7bfa52990] Heap_lock - owner thread: 0x000001d7bfa56800

Heap address: 0x0000000709400000, size: 3948 MB, Compressed Oops mode: Non-zero based: 0x0000000709400000
Narrow klass base: 0x0000000000000000, Narrow klass shift: 0

GC Heap History (0 events):
No events

Deoptimization events (0 events):
No events

Classes redefined (0 events):
No events

Internal exceptions (0 events):
No events

Events (0 events):
No events


Dynamic libraries:
0x00007ff6eaf30000 - 0x00007ff6eaf40000 	C:\Program Files\Java\jdk-11\bin\java.exe
0x00007ffa268b0000 - 0x00007ffa26ac7000 	C:\Windows\SYSTEM32\ntdll.dll
0x00007ffa259a0000 - 0x00007ffa25a64000 	C:\Windows\System32\KERNEL32.DLL
0x00007ffa24250000 - 0x00007ffa245f6000 	C:\Windows\System32\KERNELBASE.dll
0x00007ffa23fc0000 - 0x00007ffa240d1000 	C:\Windows\System32\ucrtbase.dll
0x00007ff9fc7f0000 - 0x00007ff9fc80b000 	C:\Program Files\Java\jdk-11\bin\VCRUNTIME140.dll
0x00007ff9fb2f0000 - 0x00007ff9fb309000 	C:\Program Files\Java\jdk-11\bin\jli.dll
0x00007ffa24940000 - 0x00007ffa249f3000 	C:\Windows\System32\ADVAPI32.dll
0x00007ffa25690000 - 0x00007ffa25737000 	C:\Windows\System32\msvcrt.dll
0x00007ffa26110000 - 0x00007ffa261b8000 	C:\Windows\System32\sechost.dll
0x00007ffa23d80000 - 0x00007ffa23da8000 	C:\Windows\System32\bcrypt.dll
0x00007ffa25f90000 - 0x00007ffa260a7000 	C:\Windows\System32\RPCRT4.dll
0x00007ffa266c0000 - 0x00007ffa2686e000 	C:\Windows\System32\USER32.dll
0x00007ffa23db0000 - 0x00007ffa23dd6000 	C:\Windows\System32\win32u.dll
0x00007ffa25530000 - 0x00007ffa25559000 	C:\Windows\System32\GDI32.dll
0x00007ffa12970000 - 0x00007ffa12c03000 	C:\Windows\WinSxS\amd64_microsoft.windows.common-controls_6595b64144ccf1df_6.0.22621.2506_none_270c5ae97388e100\COMCTL32.dll
0x00007ffa23c60000 - 0x00007ffa23d78000 	C:\Windows\System32\gdi32full.dll
0x00007ffa23de0000 - 0x00007ffa23e7a000 	C:\Windows\System32\msvcp_win.dll
0x00007ffa21840000 - 0x00007ffa2184a000 	C:\Windows\SYSTEM32\VERSION.dll
0x00007ffa25ad0000 - 0x00007ffa25b01000 	C:\Windows\System32\IMM32.DLL
0x00007ffa0fba0000 - 0x00007ffa0fbac000 	C:\Program Files\Java\jdk-11\bin\vcruntime140_1.dll
0x00007ff9ed970000 - 0x00007ff9ed9fe000 	C:\Program Files\Java\jdk-11\bin\msvcp140.dll
0x00007ff9de470000 - 0x00007ff9defdd000 	C:\Program Files\Java\jdk-11\bin\server\jvm.dll
0x00007ffa252f0000 - 0x00007ffa252f8000 	C:\Windows\System32\PSAPI.DLL
0x00007ffa15630000 - 0x00007ffa15639000 	C:\Windows\SYSTEM32\WSOCK32.dll
0x00007ffa1ebd0000 - 0x00007ffa1ec04000 	C:\Windows\SYSTEM32\WINMM.dll
0x00007ffa24a10000 - 0x00007ffa24a81000 	C:\Windows\System32\WS2_32.dll
0x00007ffa22bc0000 - 0x00007ffa22bd8000 	C:\Windows\SYSTEM32\kernel.appcore.dll
0x00007ffa0fb60000 - 0x00007ffa0fb70000 	C:\Program Files\Java\jdk-11\bin\verify.dll
0x00007ffa1e990000 - 0x00007ffa1ebc3000 	C:\Windows\SYSTEM32\DBGHELP.DLL
0x00007ffa261c0000 - 0x00007ffa26549000 	C:\Windows\System32\combase.dll
0x00007ffa25890000 - 0x00007ffa25967000 	C:\Windows\System32\OLEAUT32.dll
0x00007ffa1e920000 - 0x00007ffa1e952000 	C:\Windows\SYSTEM32\dbgcore.DLL
0x00007ffa23e80000 - 0x00007ffa23efa000 	C:\Windows\System32\bcryptPrimitives.dll
0x00007ff9f4760000 - 0x00007ff9f4788000 	C:\Program Files\Java\jdk-11\bin\java.dll
0x00007ffa0fa30000 - 0x00007ffa0fa3a000 	C:\Program Files\Java\jdk-11\bin\jimage.dll
0x00007ff9f7ce0000 - 0x00007ff9f7cf7000 	C:\Program Files\Java\jdk-11\bin\zip.dll

dbghelp: loaded successfully - version: 4.0.5 - missing functions: none
symbol engine: initialized successfully - sym options: 0x614 - pdb path: .;C:\Program Files\Java\jdk-11\bin;C:\Windows\SYSTEM32;C:\Windows\WinSxS\amd64_microsoft.windows.common-controls_6595b64144ccf1df_6.0.22621.2506_none_270c5ae97388e100;C:\Program Files\Java\jdk-11\bin\server

VM Arguments:
java_command: <unknown>
java_class_path (initial): <not set>
Launcher Type: SUN_STANDARD

[Global flags]
     intx CICompilerCount                          = 12                                        {product} {ergonomic}
     uint ConcGCThreads                            = 3                                         {product} {ergonomic}
     uint G1ConcRefinementThreads                  = 13                                        {product} {ergonomic}
   size_t G1HeapRegionSize                         = 1048576                                   {product} {ergonomic}
    uintx GCDrainStackTargetSize                   = 64                                        {product} {ergonomic}
   size_t InitialHeapSize                          = 260046848                                 {product} {ergonomic}
   size_t MarkStackSize                            = 4194304                                   {product} {ergonomic}
   size_t MaxHeapSize                              = 4139778048                                {product} {ergonomic}
   size_t MinHeapDeltaBytes                        = 1048576                                   {product} {ergonomic}
    uintx NonNMethodCodeHeapSize                   = 7594288                                {pd product} {ergonomic}
    uintx NonProfiledCodeHeapSize                  = 122031976                              {pd product} {ergonomic}
    uintx ProfiledCodeHeapSize                     = 122031976                              {pd product} {ergonomic}
    uintx ReservedCodeCacheSize                    = 251658240                              {pd product} {ergonomic}
     bool SegmentedCodeCache                       = true                                      {product} {ergonomic}
     bool UseCompressedClassPointers               = true                                 {lp64_product} {ergonomic}
     bool UseCompressedOops                        = true                                 {lp64_product} {ergonomic}
     bool UseG1GC                                  = true                                      {product} {ergonomic}
     bool UseLargePagesIndividualAllocation        = false                                  {pd product} {ergonomic}

Logging:
Log output configuration:
 #0: stdout all=warning uptime,level,tags
 #1: stderr all=off uptime,level,tags

Environment Variables:
PATH=C:\Program Files\Common Files\Oracle\Java\javapath;C:\Program Files\Common Files\Oracle\Java\javapath;C:\Windows\system32;C:\Windows;C:\Windows\System32\Wbem;C:\Windows\System32\WindowsPowerShell\v1.0\;C:\Windows\System32\OpenSSH\;C:\Program Files\Git\cmd;C:\Program Files\Dart\dart-sdk\bin;C:\src\flutter\bin;C:\Program Files\nodejs\;C:\Users\kemom\AppData\Local\Pub\Cache\bin;C:\Program Files\PowerShell\7\;C:\Program Files\dotnet\;C:\Users\kemom\AppData\Local\Microsoft\WindowsApps;C:\src\flutter\bin;H:\Microsoft VS Code\bin;C:\Program Files\Dart\dart-sdk\bin;C:\Users\kemom\AppData\Roaming\npm;C:\Users\kemom\AppData\Local\Pub\Cache\bin;;C:\src\flutter\bin\mingit\cmd;C:\src\flutter\bin\mingit\cmd
USERNAME=kemom
OS=Windows_NT
PROCESSOR_IDENTIFIER=AMD64 Family 23 Model 96 Stepping 1, AuthenticAMD



---------------  S Y S T E M  ---------------

OS: Windows 11 , 64 bit Build 22621 (10.0.22621.2506)

CPU:total 16 (initial active 16) (16 cores per cpu, 2 threads per core) family 23 model 96 stepping 1 microcode 0x0, cmov, cx8, fxsr, mmx, sse, sse2, sse3, ssse3, sse4.1, sse4.2, popcnt, avx, avx2, aes, clmul, mmxext, 3dnowpref, lzcnt, sse4a, ht, tsc, tscinvbit, tscinv, bmi1, bmi2, adx, 

Memory: 4k page, system-wide physical 15789M (4733M free)
TotalPageFile size 28077M (AvailPageFile size 78M)
current process WorkingSet (physical memory assigned to process): 11M, peak: 11M
current process commit charge ("private bytes"): 71M, peak: 319M

vm_info: Java HotSpot(TM) 64-Bit Server VM (11.0.20+9-LTS-256) for windows-amd64 JRE (11.0.20+9-LTS-256), built on Jun 14 2023 10:34:22 by "mach5one" with MS VC++ 17.1 (VS2022)

END.
